2024-11-25 21:39:56,105 - MPKMini - INFO - Configuration loaded successfully
2024-11-25 21:39:56,137 - MPKMini - INFO - Found 4 MIDI devices:
2024-11-25 21:39:56,137 - MPKMini - INFO - Device 0: Microsoft MIDI Mapper (Input: False, Output: True)
2024-11-25 21:39:56,137 - MPKMini - INFO - Device 1: MPK Mini Mk II (Input: True, Output: False)
2024-11-25 21:39:56,137 - MPKMini - INFO - Device 2: Microsoft GS Wavetable Synth (Input: False, Output: True)
2024-11-25 21:39:56,138 - MPKMini - INFO - Device 3: MPK Mini Mk II (Input: False, Output: True)
2024-11-25 21:39:56,138 - MPKMini - WARNING - Failed to initialize MIDI (attempt 1/3): b"PortMidi: `Host error'"
2024-11-25 21:39:56,144 - MPKMini - INFO - Retrying in 1 second...
2024-11-25 21:39:57,145 - MPKMini - INFO - Found 4 MIDI devices:
2024-11-25 21:39:57,145 - MPKMini - INFO - Device 0: Microsoft MIDI Mapper (Input: False, Output: True)
2024-11-25 21:39:57,145 - MPKMini - INFO - Device 1: MPK Mini Mk II (Input: True, Output: False)
2024-11-25 21:39:57,145 - MPKMini - INFO - Device 2: Microsoft GS Wavetable Synth (Input: False, Output: True)
2024-11-25 21:39:57,145 - MPKMini - INFO - Device 3: MPK Mini Mk II (Input: False, Output: True)
2024-11-25 21:39:57,145 - MPKMini - WARNING - Failed to initialize MIDI (attempt 2/3): b"PortMidi: `Host error'"
2024-11-25 21:39:57,145 - MPKMini - INFO - Retrying in 1 second...
2024-11-25 21:39:58,145 - MPKMini - INFO - Found 4 MIDI devices:
2024-11-25 21:39:58,146 - MPKMini - INFO - Device 0: Microsoft MIDI Mapper (Input: False, Output: True)
2024-11-25 21:39:58,146 - MPKMini - INFO - Device 1: MPK Mini Mk II (Input: True, Output: False)
2024-11-25 21:39:58,146 - MPKMini - INFO - Device 2: Microsoft GS Wavetable Synth (Input: False, Output: True)
2024-11-25 21:39:58,146 - MPKMini - INFO - Device 3: MPK Mini Mk II (Input: False, Output: True)
2024-11-25 21:39:58,146 - MPKMini - WARNING - Failed to initialize MIDI (attempt 3/3): b"PortMidi: `Host error'"
2024-11-25 21:39:58,146 - MPKMini - ERROR - Failed to initialize MIDI after multiple attempts
2024-11-25 21:39:58,146 - MPKMini - ERROR - No MIDI input device available
2024-11-25 21:39:58,146 - MPKMini - INFO - Cleaned up resources
