2024-11-25 21:40:07,906 - MPKMini - INFO - Configuration loaded successfully
2024-11-25 21:40:07,937 - MPKMini - INFO - Found 4 MIDI devices:
2024-11-25 21:40:07,937 - MPKMini - INFO - Device 0: Microsoft MIDI Mapper (Input: False, Output: True)
2024-11-25 21:40:07,938 - MPKMini - INFO - Device 1: MPK Mini Mk II (Input: True, Output: False)
2024-11-25 21:40:07,938 - MPKMini - INFO - Device 2: Microsoft GS Wavetable Synth (Input: False, Output: True)
2024-11-25 21:40:07,938 - MPKMini - INFO - Device 3: MPK Mini Mk II (Input: False, Output: True)
2024-11-25 21:40:07,938 - MPKMini - WARNING - Failed to initialize MIDI (attempt 1/3): b"PortMidi: `Host error'"
2024-11-25 21:40:07,939 - MPKMini - INFO - Retrying in 1 second...
2024-11-25 21:40:08,940 - MPKMini - INFO - Found 4 MIDI devices:
2024-11-25 21:40:08,940 - MPKMini - INFO - Device 0: Microsoft MIDI Mapper (Input: False, Output: True)
2024-11-25 21:40:08,940 - MPKMini - INFO - Device 1: MPK Mini Mk II (Input: True, Output: False)
2024-11-25 21:40:08,941 - MPKMini - INFO - Device 2: Microsoft GS Wavetable Synth (Input: False, Output: True)
2024-11-25 21:40:08,941 - MPKMini - INFO - Device 3: MPK Mini Mk II (Input: False, Output: True)
2024-11-25 21:40:08,941 - MPKMini - WARNING - Failed to initialize MIDI (attempt 2/3): b"PortMidi: `Host error'"
2024-11-25 21:40:08,941 - MPKMini - INFO - Retrying in 1 second...
2024-11-25 21:40:09,942 - MPKMini - INFO - Found 4 MIDI devices:
2024-11-25 21:40:09,942 - MPKMini - INFO - Device 0: Microsoft MIDI Mapper (Input: False, Output: True)
2024-11-25 21:40:09,943 - MPKMini - INFO - Device 1: MPK Mini Mk II (Input: True, Output: False)
2024-11-25 21:40:09,943 - MPKMini - INFO - Device 2: Microsoft GS Wavetable Synth (Input: False, Output: True)
2024-11-25 21:40:09,943 - MPKMini - INFO - Device 3: MPK Mini Mk II (Input: False, Output: True)
2024-11-25 21:40:09,943 - MPKMini - WARNING - Failed to initialize MIDI (attempt 3/3): b"PortMidi: `Host error'"
2024-11-25 21:40:09,944 - MPKMini - ERROR - Failed to initialize MIDI after multiple attempts
2024-11-25 21:40:09,944 - MPKMini - ERROR - No MIDI input device available
2024-11-25 21:40:09,944 - MPKMini - INFO - Cleaned up resources
