2024-11-25 22:12:16,994 - MPKMini - INFO - Configuration loaded successfully
2024-11-25 22:12:17,027 - MPKMini - INFO - Found 4 MIDI devices:
2024-11-25 22:12:17,027 - MPKMini - INFO - Device 0: Microsoft MIDI Mapper (Input: False, Output: True)
2024-11-25 22:12:17,028 - MPKMini - INFO - Device 1: MPK Mini Mk II (Input: True, Output: False)
2024-11-25 22:12:17,028 - MPKMini - INFO - Device 2: Microsoft GS Wavetable Synth (Input: False, Output: True)
2024-11-25 22:12:17,028 - MPKMini - INFO - Device 3: MPK Mini Mk II (Input: False, Output: True)
2024-11-25 22:12:17,036 - MPKMini - INFO - Connected to MIDI device: MPK Mini Mk II
2024-11-25 22:12:17,037 - MPKMini - INFO - Started monitoring MIDI input
2024-11-25 22:12:18,626 - MPKMini - INFO - Received knob CC: 4, value: 78
2024-11-25 22:12:18,627 - MPKMini - INFO - Normalized value: 0.61
2024-11-25 22:12:18,672 - MPKMini - ERROR - Failed to set brightness: string indices must be integers, not 'str'
2024-11-25 22:12:18,674 - MPKMini - INFO - Received knob CC: 4, value: 77
2024-11-25 22:12:18,674 - MPKMini - INFO - Normalized value: 0.61
2024-11-25 22:12:18,710 - MPKMini - ERROR - Failed to set brightness: string indices must be integers, not 'str'
2024-11-25 22:12:18,712 - MPKMini - INFO - Received knob CC: 4, value: 76
2024-11-25 22:12:18,712 - MPKMini - INFO - Normalized value: 0.60
2024-11-25 22:12:18,749 - MPKMini - ERROR - Failed to set brightness: string indices must be integers, not 'str'
2024-11-25 22:12:18,750 - MPKMini - INFO - Received knob CC: 4, value: 75
2024-11-25 22:12:18,750 - MPKMini - INFO - Normalized value: 0.59
2024-11-25 22:12:18,788 - MPKMini - ERROR - Failed to set brightness: string indices must be integers, not 'str'
2024-11-25 22:12:18,788 - MPKMini - INFO - Received knob CC: 4, value: 73
2024-11-25 22:12:18,788 - MPKMini - INFO - Normalized value: 0.57
2024-11-25 22:12:18,825 - MPKMini - ERROR - Failed to set brightness: string indices must be integers, not 'str'
2024-11-25 22:12:18,825 - MPKMini - INFO - Received knob CC: 4, value: 72
2024-11-25 22:12:18,825 - MPKMini - INFO - Normalized value: 0.57
2024-11-25 22:12:18,863 - MPKMini - ERROR - Failed to set brightness: string indices must be integers, not 'str'
2024-11-25 22:12:18,865 - MPKMini - INFO - Received knob CC: 4, value: 71
2024-11-25 22:12:18,865 - MPKMini - INFO - Normalized value: 0.56
2024-11-25 22:12:18,903 - MPKMini - ERROR - Failed to set brightness: string indices must be integers, not 'str'
2024-11-25 22:12:18,903 - MPKMini - INFO - Received knob CC: 4, value: 70
2024-11-25 22:12:18,904 - MPKMini - INFO - Normalized value: 0.55
2024-11-25 22:12:18,944 - MPKMini - ERROR - Failed to set brightness: string indices must be integers, not 'str'
2024-11-25 22:12:18,944 - MPKMini - INFO - Received knob CC: 4, value: 69
2024-11-25 22:12:18,944 - MPKMini - INFO - Normalized value: 0.54
2024-11-25 22:12:18,985 - MPKMini - ERROR - Failed to set brightness: string indices must be integers, not 'str'
2024-11-25 22:12:18,986 - MPKMini - INFO - Received knob CC: 4, value: 68
2024-11-25 22:12:18,986 - MPKMini - INFO - Normalized value: 0.54
2024-11-25 22:12:19,023 - MPKMini - ERROR - Failed to set brightness: string indices must be integers, not 'str'
2024-11-25 22:12:19,023 - MPKMini - INFO - Received knob CC: 4, value: 67
2024-11-25 22:12:19,024 - MPKMini - INFO - Normalized value: 0.53
2024-11-25 22:12:19,063 - MPKMini - ERROR - Failed to set brightness: string indices must be integers, not 'str'
2024-11-25 22:12:19,063 - MPKMini - INFO - Received knob CC: 4, value: 66
2024-11-25 22:12:19,063 - MPKMini - INFO - Normalized value: 0.52
2024-11-25 22:12:19,100 - MPKMini - ERROR - Failed to set brightness: string indices must be integers, not 'str'
2024-11-25 22:12:19,100 - MPKMini - INFO - Received knob CC: 4, value: 65
2024-11-25 22:12:19,100 - MPKMini - INFO - Normalized value: 0.51
2024-11-25 22:12:19,137 - MPKMini - ERROR - Failed to set brightness: string indices must be integers, not 'str'
2024-11-25 22:12:19,138 - MPKMini - INFO - Received knob CC: 4, value: 64
2024-11-25 22:12:19,139 - MPKMini - INFO - Normalized value: 0.50
2024-11-25 22:12:19,175 - MPKMini - ERROR - Failed to set brightness: string indices must be integers, not 'str'
2024-11-25 22:12:19,176 - MPKMini - INFO - Received knob CC: 4, value: 63
2024-11-25 22:12:19,176 - MPKMini - INFO - Normalized value: 0.50
2024-11-25 22:12:19,216 - MPKMini - ERROR - Failed to set brightness: string indices must be integers, not 'str'
2024-11-25 22:12:19,216 - MPKMini - INFO - Received knob CC: 4, value: 62
2024-11-25 22:12:19,216 - MPKMini - INFO - Normalized value: 0.49
2024-11-25 22:12:19,255 - MPKMini - ERROR - Failed to set brightness: string indices must be integers, not 'str'
2024-11-25 22:12:19,255 - MPKMini - INFO - Received knob CC: 4, value: 61
2024-11-25 22:12:19,255 - MPKMini - INFO - Normalized value: 0.48
2024-11-25 22:12:19,293 - MPKMini - ERROR - Failed to set brightness: string indices must be integers, not 'str'
2024-11-25 22:12:19,295 - MPKMini - INFO - Received knob CC: 4, value: 60
2024-11-25 22:12:19,295 - MPKMini - INFO - Normalized value: 0.47
2024-11-25 22:12:19,332 - MPKMini - ERROR - Failed to set brightness: string indices must be integers, not 'str'
2024-11-25 22:12:20,415 - MPKMini - INFO - Received knob CC: 4, value: 59
2024-11-25 22:12:20,416 - MPKMini - INFO - Normalized value: 0.46
2024-11-25 22:12:20,457 - MPKMini - ERROR - Failed to set brightness: string indices must be integers, not 'str'
2024-11-25 22:12:20,459 - MPKMini - INFO - Received knob CC: 4, value: 58
2024-11-25 22:12:20,459 - MPKMini - INFO - Normalized value: 0.46
2024-11-25 22:12:20,496 - MPKMini - ERROR - Failed to set brightness: string indices must be integers, not 'str'
2024-11-25 22:12:20,497 - MPKMini - INFO - Received knob CC: 4, value: 57
2024-11-25 22:12:20,497 - MPKMini - INFO - Normalized value: 0.45
2024-11-25 22:12:20,535 - MPKMini - ERROR - Failed to set brightness: string indices must be integers, not 'str'
2024-11-25 22:12:20,537 - MPKMini - INFO - Received knob CC: 4, value: 56
2024-11-25 22:12:20,537 - MPKMini - INFO - Normalized value: 0.44
2024-11-25 22:12:20,574 - MPKMini - ERROR - Failed to set brightness: string indices must be integers, not 'str'
2024-11-25 22:12:20,574 - MPKMini - INFO - Received knob CC: 4, value: 55
2024-11-25 22:12:20,575 - MPKMini - INFO - Normalized value: 0.43
2024-11-25 22:12:20,612 - MPKMini - ERROR - Failed to set brightness: string indices must be integers, not 'str'
2024-11-25 22:12:20,612 - MPKMini - INFO - Received knob CC: 4, value: 54
2024-11-25 22:12:20,612 - MPKMini - INFO - Normalized value: 0.43
2024-11-25 22:12:20,649 - MPKMini - ERROR - Failed to set brightness: string indices must be integers, not 'str'
2024-11-25 22:12:20,649 - MPKMini - INFO - Received knob CC: 4, value: 53
2024-11-25 22:12:20,649 - MPKMini - INFO - Normalized value: 0.42
2024-11-25 22:12:20,687 - MPKMini - ERROR - Failed to set brightness: string indices must be integers, not 'str'
2024-11-25 22:12:20,688 - MPKMini - INFO - Received knob CC: 4, value: 52
2024-11-25 22:12:20,688 - MPKMini - INFO - Normalized value: 0.41
2024-11-25 22:12:20,727 - MPKMini - ERROR - Failed to set brightness: string indices must be integers, not 'str'
2024-11-25 22:12:20,728 - MPKMini - INFO - Received knob CC: 4, value: 51
2024-11-25 22:12:20,728 - MPKMini - INFO - Normalized value: 0.40
2024-11-25 22:12:20,765 - MPKMini - ERROR - Failed to set brightness: string indices must be integers, not 'str'
2024-11-25 22:12:20,765 - MPKMini - INFO - Received knob CC: 4, value: 50
2024-11-25 22:12:20,766 - MPKMini - INFO - Normalized value: 0.39
2024-11-25 22:12:20,803 - MPKMini - ERROR - Failed to set brightness: string indices must be integers, not 'str'
2024-11-25 22:12:20,804 - MPKMini - INFO - Received knob CC: 4, value: 49
2024-11-25 22:12:20,804 - MPKMini - INFO - Normalized value: 0.39
2024-11-25 22:12:20,843 - MPKMini - ERROR - Failed to set brightness: string indices must be integers, not 'str'
2024-11-25 22:12:20,844 - MPKMini - INFO - Received knob CC: 4, value: 48
2024-11-25 22:12:20,844 - MPKMini - INFO - Normalized value: 0.38
2024-11-25 22:12:20,881 - MPKMini - ERROR - Failed to set brightness: string indices must be integers, not 'str'
2024-11-25 22:12:20,882 - MPKMini - INFO - Received knob CC: 4, value: 47
2024-11-25 22:12:20,882 - MPKMini - INFO - Normalized value: 0.37
2024-11-25 22:12:20,919 - MPKMini - ERROR - Failed to set brightness: string indices must be integers, not 'str'
2024-11-25 22:12:20,920 - MPKMini - INFO - Received knob CC: 4, value: 46
2024-11-25 22:12:20,921 - MPKMini - INFO - Normalized value: 0.36
2024-11-25 22:12:20,965 - MPKMini - ERROR - Failed to set brightness: string indices must be integers, not 'str'
2024-11-25 22:12:20,965 - MPKMini - INFO - Received knob CC: 4, value: 45
2024-11-25 22:12:20,965 - MPKMini - INFO - Normalized value: 0.35
2024-11-25 22:12:21,002 - MPKMini - ERROR - Failed to set brightness: string indices must be integers, not 'str'
2024-11-25 22:12:21,002 - MPKMini - INFO - Received knob CC: 4, value: 44
2024-11-25 22:12:21,002 - MPKMini - INFO - Normalized value: 0.35
2024-11-25 22:12:21,042 - MPKMini - ERROR - Failed to set brightness: string indices must be integers, not 'str'
2024-11-25 22:12:21,043 - MPKMini - INFO - Received knob CC: 4, value: 43
2024-11-25 22:12:21,044 - MPKMini - INFO - Normalized value: 0.34
2024-11-25 22:12:21,080 - MPKMini - ERROR - Failed to set brightness: string indices must be integers, not 'str'
2024-11-25 22:12:21,082 - MPKMini - INFO - Received knob CC: 4, value: 41
2024-11-25 22:12:21,082 - MPKMini - INFO - Normalized value: 0.32
2024-11-25 22:12:21,119 - MPKMini - ERROR - Failed to set brightness: string indices must be integers, not 'str'
2024-11-25 22:12:21,120 - MPKMini - INFO - Received knob CC: 4, value: 40
2024-11-25 22:12:21,121 - MPKMini - INFO - Normalized value: 0.31
2024-11-25 22:12:21,158 - MPKMini - ERROR - Failed to set brightness: string indices must be integers, not 'str'
2024-11-25 22:12:21,159 - MPKMini - INFO - Received knob CC: 4, value: 39
2024-11-25 22:12:21,159 - MPKMini - INFO - Normalized value: 0.31
2024-11-25 22:12:21,197 - MPKMini - ERROR - Failed to set brightness: string indices must be integers, not 'str'
2024-11-25 22:12:21,198 - MPKMini - INFO - Received knob CC: 4, value: 38
2024-11-25 22:12:21,199 - MPKMini - INFO - Normalized value: 0.30
2024-11-25 22:12:21,236 - MPKMini - ERROR - Failed to set brightness: string indices must be integers, not 'str'
2024-11-25 22:12:21,238 - MPKMini - INFO - Received knob CC: 4, value: 37
2024-11-25 22:12:21,238 - MPKMini - INFO - Normalized value: 0.29
2024-11-25 22:12:21,275 - MPKMini - ERROR - Failed to set brightness: string indices must be integers, not 'str'
2024-11-25 22:12:21,316 - MPKMini - INFO - Received knob CC: 4, value: 36
2024-11-25 22:12:21,317 - MPKMini - INFO - Normalized value: 0.28
2024-11-25 22:12:21,361 - MPKMini - ERROR - Failed to set brightness: string indices must be integers, not 'str'
2024-11-25 22:13:55,507 - MPKMini - INFO - Received knob CC: 1, value: 53
2024-11-25 22:13:55,508 - MPKMini - INFO - Normalized value: 0.42
2024-11-25 22:13:55,513 - MPKMini - INFO - System volume set to 42%
2024-11-25 22:13:55,522 - MPKMini - INFO - Received knob CC: 1, value: 55
2024-11-25 22:13:55,522 - MPKMini - INFO - Normalized value: 0.43
2024-11-25 22:13:55,526 - MPKMini - INFO - System volume set to 43%
2024-11-25 22:13:55,536 - MPKMini - INFO - Received knob CC: 1, value: 56
2024-11-25 22:13:55,536 - MPKMini - INFO - Normalized value: 0.44
2024-11-25 22:13:55,539 - MPKMini - INFO - System volume set to 44%
2024-11-25 22:13:55,555 - MPKMini - INFO - Received knob CC: 1, value: 57
2024-11-25 22:13:55,555 - MPKMini - INFO - Normalized value: 0.45
2024-11-25 22:13:55,559 - MPKMini - INFO - System volume set to 45%
2024-11-25 22:13:55,574 - MPKMini - INFO - Received knob CC: 1, value: 58
2024-11-25 22:13:55,574 - MPKMini - INFO - Normalized value: 0.46
2024-11-25 22:13:55,577 - MPKMini - INFO - System volume set to 46%
2024-11-25 22:13:55,591 - MPKMini - INFO - Received knob CC: 1, value: 59
2024-11-25 22:13:55,591 - MPKMini - INFO - Normalized value: 0.46
2024-11-25 22:13:55,594 - MPKMini - INFO - System volume set to 46%
2024-11-25 22:13:55,610 - MPKMini - INFO - Received knob CC: 1, value: 60
2024-11-25 22:13:55,610 - MPKMini - INFO - Normalized value: 0.47
2024-11-25 22:13:55,613 - MPKMini - INFO - System volume set to 47%
2024-11-25 22:13:55,618 - MPKMini - INFO - Received knob CC: 1, value: 61
2024-11-25 22:13:55,618 - MPKMini - INFO - Normalized value: 0.48
2024-11-25 22:13:55,621 - MPKMini - INFO - System volume set to 48%
2024-11-25 22:13:55,635 - MPKMini - INFO - Received knob CC: 1, value: 62
2024-11-25 22:13:55,635 - MPKMini - INFO - Normalized value: 0.49
2024-11-25 22:13:55,638 - MPKMini - INFO - System volume set to 49%
2024-11-25 22:13:55,640 - MPKMini - INFO - Received knob CC: 1, value: 63
2024-11-25 22:13:55,641 - MPKMini - INFO - Normalized value: 0.50
2024-11-25 22:13:55,646 - MPKMini - INFO - System volume set to 50%
2024-11-25 22:13:55,661 - MPKMini - INFO - Received knob CC: 1, value: 64
2024-11-25 22:13:55,661 - MPKMini - INFO - Normalized value: 0.50
2024-11-25 22:13:55,664 - MPKMini - INFO - System volume set to 50%
2024-11-25 22:13:55,679 - MPKMini - INFO - Received knob CC: 1, value: 65
2024-11-25 22:13:55,680 - MPKMini - INFO - Normalized value: 0.51
2024-11-25 22:13:55,683 - MPKMini - INFO - System volume set to 51%
2024-11-25 22:13:55,705 - MPKMini - INFO - Received knob CC: 1, value: 66
2024-11-25 22:13:55,705 - MPKMini - INFO - Normalized value: 0.52
2024-11-25 22:13:55,708 - MPKMini - INFO - System volume set to 52%
2024-11-25 22:13:55,741 - MPKMini - INFO - Received knob CC: 1, value: 67
2024-11-25 22:13:55,741 - MPKMini - INFO - Normalized value: 0.53
2024-11-25 22:13:55,744 - MPKMini - INFO - System volume set to 53%
2024-11-25 22:13:55,774 - MPKMini - INFO - Received knob CC: 1, value: 68
2024-11-25 22:13:55,774 - MPKMini - INFO - Normalized value: 0.54
2024-11-25 22:13:55,778 - MPKMini - INFO - System volume set to 54%
2024-11-25 22:13:55,785 - MPKMini - INFO - Received knob CC: 1, value: 69
2024-11-25 22:13:55,786 - MPKMini - INFO - Normalized value: 0.54
2024-11-25 22:13:55,789 - MPKMini - INFO - System volume set to 54%
2024-11-25 22:13:55,931 - MPKMini - INFO - Received knob CC: 1, value: 70
2024-11-25 22:13:55,931 - MPKMini - INFO - Normalized value: 0.55
2024-11-25 22:13:55,935 - MPKMini - INFO - System volume set to 55%
2024-11-25 22:13:55,999 - MPKMini - INFO - Received knob CC: 1, value: 71
2024-11-25 22:13:56,000 - MPKMini - INFO - Normalized value: 0.56
2024-11-25 22:13:56,003 - MPKMini - INFO - System volume set to 56%
2024-11-25 22:13:56,270 - MPKMini - INFO - Received knob CC: 1, value: 72
2024-11-25 22:13:56,271 - MPKMini - INFO - Normalized value: 0.57
2024-11-25 22:13:56,274 - MPKMini - INFO - System volume set to 57%
2024-11-25 22:13:56,306 - MPKMini - INFO - Received knob CC: 1, value: 73
2024-11-25 22:13:56,306 - MPKMini - INFO - Normalized value: 0.57
2024-11-25 22:13:56,309 - MPKMini - INFO - System volume set to 57%
2024-11-25 22:13:56,423 - MPKMini - INFO - Received knob CC: 1, value: 74
2024-11-25 22:13:56,423 - MPKMini - INFO - Normalized value: 0.58
2024-11-25 22:13:56,426 - MPKMini - INFO - System volume set to 58%
2024-11-25 22:13:56,563 - MPKMini - INFO - Received knob CC: 1, value: 75
2024-11-25 22:13:56,563 - MPKMini - INFO - Normalized value: 0.59
2024-11-25 22:13:56,566 - MPKMini - INFO - System volume set to 59%
2024-11-25 22:13:56,686 - MPKMini - INFO - Received knob CC: 1, value: 76
2024-11-25 22:13:56,687 - MPKMini - INFO - Normalized value: 0.60
2024-11-25 22:13:56,690 - MPKMini - INFO - System volume set to 60%
2024-11-25 22:13:56,755 - MPKMini - INFO - Received knob CC: 1, value: 77
2024-11-25 22:13:56,755 - MPKMini - INFO - Normalized value: 0.61
2024-11-25 22:13:56,758 - MPKMini - INFO - System volume set to 61%
2024-11-25 22:13:56,875 - MPKMini - INFO - Received knob CC: 1, value: 78
2024-11-25 22:13:56,876 - MPKMini - INFO - Normalized value: 0.61
2024-11-25 22:13:56,879 - MPKMini - INFO - System volume set to 61%
2024-11-25 22:13:56,912 - MPKMini - INFO - Received knob CC: 1, value: 79
2024-11-25 22:13:56,912 - MPKMini - INFO - Normalized value: 0.62
2024-11-25 22:13:56,915 - MPKMini - INFO - System volume set to 62%
2024-11-25 22:13:57,325 - MPKMini - INFO - Received knob CC: 1, value: 78
2024-11-25 22:13:57,325 - MPKMini - INFO - Normalized value: 0.61
2024-11-25 22:13:57,329 - MPKMini - INFO - System volume set to 61%
2024-11-25 22:13:57,357 - MPKMini - INFO - Received knob CC: 1, value: 77
2024-11-25 22:13:57,357 - MPKMini - INFO - Normalized value: 0.61
2024-11-25 22:13:57,360 - MPKMini - INFO - System volume set to 61%
2024-11-25 22:13:57,386 - MPKMini - INFO - Received knob CC: 1, value: 76
2024-11-25 22:13:57,387 - MPKMini - INFO - Normalized value: 0.60
2024-11-25 22:13:57,390 - MPKMini - INFO - System volume set to 60%
2024-11-25 22:13:57,405 - MPKMini - INFO - Received knob CC: 1, value: 75
2024-11-25 22:13:57,406 - MPKMini - INFO - Normalized value: 0.59
2024-11-25 22:13:57,409 - MPKMini - INFO - System volume set to 59%
2024-11-25 22:13:57,420 - MPKMini - INFO - Received knob CC: 1, value: 74
2024-11-25 22:13:57,420 - MPKMini - INFO - Normalized value: 0.58
2024-11-25 22:13:57,423 - MPKMini - INFO - System volume set to 58%
2024-11-25 22:13:57,448 - MPKMini - INFO - Received knob CC: 1, value: 73
2024-11-25 22:13:57,449 - MPKMini - INFO - Normalized value: 0.57
2024-11-25 22:13:57,451 - MPKMini - INFO - System volume set to 57%
2024-11-25 22:13:57,463 - MPKMini - INFO - Received knob CC: 1, value: 72
2024-11-25 22:13:57,463 - MPKMini - INFO - Normalized value: 0.57
2024-11-25 22:13:57,465 - MPKMini - INFO - System volume set to 57%
2024-11-25 22:13:57,496 - MPKMini - INFO - Received knob CC: 1, value: 71
2024-11-25 22:13:57,497 - MPKMini - INFO - Normalized value: 0.56
2024-11-25 22:13:57,499 - MPKMini - INFO - System volume set to 56%
2024-11-25 22:13:57,576 - MPKMini - INFO - Received knob CC: 1, value: 70
2024-11-25 22:13:57,577 - MPKMini - INFO - Normalized value: 0.55
2024-11-25 22:13:57,580 - MPKMini - INFO - System volume set to 55%
2024-11-25 22:13:57,602 - MPKMini - INFO - Received knob CC: 1, value: 69
2024-11-25 22:13:57,602 - MPKMini - INFO - Normalized value: 0.54
2024-11-25 22:13:57,606 - MPKMini - INFO - System volume set to 54%
2024-11-25 22:13:57,621 - MPKMini - INFO - Received knob CC: 1, value: 68
2024-11-25 22:13:57,621 - MPKMini - INFO - Normalized value: 0.54
2024-11-25 22:13:57,624 - MPKMini - INFO - System volume set to 54%
2024-11-25 22:13:57,638 - MPKMini - INFO - Received knob CC: 1, value: 67
2024-11-25 22:13:57,638 - MPKMini - INFO - Normalized value: 0.53
2024-11-25 22:13:57,642 - MPKMini - INFO - System volume set to 53%
2024-11-25 22:13:57,747 - MPKMini - INFO - Received knob CC: 1, value: 66
2024-11-25 22:13:57,748 - MPKMini - INFO - Normalized value: 0.52
2024-11-25 22:13:57,751 - MPKMini - INFO - System volume set to 52%
2024-11-25 22:13:57,781 - MPKMini - INFO - Received knob CC: 1, value: 65
2024-11-25 22:13:57,781 - MPKMini - INFO - Normalized value: 0.51
2024-11-25 22:13:57,785 - MPKMini - INFO - System volume set to 51%
2024-11-25 22:13:57,821 - MPKMini - INFO - Received knob CC: 1, value: 64
2024-11-25 22:13:57,821 - MPKMini - INFO - Normalized value: 0.50
2024-11-25 22:13:57,825 - MPKMini - INFO - System volume set to 50%
2024-11-25 22:13:57,832 - MPKMini - INFO - Received knob CC: 1, value: 63
2024-11-25 22:13:57,832 - MPKMini - INFO - Normalized value: 0.50
2024-11-25 22:13:57,836 - MPKMini - INFO - System volume set to 50%
2024-11-25 22:13:57,868 - MPKMini - INFO - Received knob CC: 1, value: 62
2024-11-25 22:13:57,869 - MPKMini - INFO - Normalized value: 0.49
2024-11-25 22:13:57,872 - MPKMini - INFO - System volume set to 49%
2024-11-25 22:13:57,908 - MPKMini - INFO - Received knob CC: 1, value: 61
2024-11-25 22:13:57,909 - MPKMini - INFO - Normalized value: 0.48
2024-11-25 22:13:57,912 - MPKMini - INFO - System volume set to 48%
2024-11-25 22:13:57,952 - MPKMini - INFO - Received knob CC: 1, value: 60
2024-11-25 22:13:57,952 - MPKMini - INFO - Normalized value: 0.47
2024-11-25 22:13:57,956 - MPKMini - INFO - System volume set to 47%
2024-11-25 22:13:57,982 - MPKMini - INFO - Received knob CC: 1, value: 59
2024-11-25 22:13:57,982 - MPKMini - INFO - Normalized value: 0.46
2024-11-25 22:13:57,985 - MPKMini - INFO - System volume set to 46%
2024-11-25 22:13:58,036 - MPKMini - INFO - Received knob CC: 1, value: 58
2024-11-25 22:13:58,036 - MPKMini - INFO - Normalized value: 0.46
2024-11-25 22:13:58,039 - MPKMini - INFO - System volume set to 46%
2024-11-25 22:13:58,062 - MPKMini - INFO - Received knob CC: 1, value: 56
2024-11-25 22:13:58,063 - MPKMini - INFO - Normalized value: 0.44
2024-11-25 22:13:58,066 - MPKMini - INFO - System volume set to 44%
2024-11-25 22:13:58,095 - MPKMini - INFO - Received knob CC: 1, value: 55
2024-11-25 22:13:58,095 - MPKMini - INFO - Normalized value: 0.43
2024-11-25 22:13:58,099 - MPKMini - INFO - System volume set to 43%
2024-11-25 22:13:58,138 - MPKMini - INFO - Received knob CC: 1, value: 54
2024-11-25 22:13:58,139 - MPKMini - INFO - Normalized value: 0.43
2024-11-25 22:13:58,141 - MPKMini - INFO - System volume set to 43%
2024-11-25 22:13:58,325 - MPKMini - INFO - Received knob CC: 1, value: 53
2024-11-25 22:13:58,326 - MPKMini - INFO - Normalized value: 0.42
2024-11-25 22:13:58,329 - MPKMini - INFO - System volume set to 42%
2024-11-25 22:13:58,382 - MPKMini - INFO - Received knob CC: 1, value: 52
2024-11-25 22:13:58,382 - MPKMini - INFO - Normalized value: 0.41
2024-11-25 22:13:58,386 - MPKMini - INFO - System volume set to 41%
2024-11-25 22:13:58,500 - MPKMini - INFO - Received knob CC: 1, value: 51
2024-11-25 22:13:58,500 - MPKMini - INFO - Normalized value: 0.40
2024-11-25 22:13:58,503 - MPKMini - INFO - System volume set to 40%
2024-11-25 22:13:58,641 - MPKMini - INFO - Received knob CC: 1, value: 50
2024-11-25 22:13:58,641 - MPKMini - INFO - Normalized value: 0.39
2024-11-25 22:13:58,644 - MPKMini - INFO - System volume set to 39%
2024-11-25 22:13:58,649 - MPKMini - INFO - Received knob CC: 1, value: 49
2024-11-25 22:13:58,649 - MPKMini - INFO - Normalized value: 0.39
2024-11-25 22:13:58,652 - MPKMini - INFO - System volume set to 39%
2024-11-25 22:13:58,679 - MPKMini - INFO - Received knob CC: 1, value: 48
2024-11-25 22:13:58,679 - MPKMini - INFO - Normalized value: 0.38
2024-11-25 22:13:58,682 - MPKMini - INFO - System volume set to 38%
2024-11-25 22:13:58,850 - MPKMini - INFO - Received knob CC: 1, value: 47
2024-11-25 22:13:58,850 - MPKMini - INFO - Normalized value: 0.37
2024-11-25 22:13:58,854 - MPKMini - INFO - System volume set to 37%
2024-11-25 22:13:58,922 - MPKMini - INFO - Received knob CC: 1, value: 46
2024-11-25 22:13:58,923 - MPKMini - INFO - Normalized value: 0.36
2024-11-25 22:13:58,926 - MPKMini - INFO - System volume set to 36%
2024-11-25 22:13:58,978 - MPKMini - INFO - Received knob CC: 1, value: 45
2024-11-25 22:13:58,978 - MPKMini - INFO - Normalized value: 0.35
2024-11-25 22:13:58,982 - MPKMini - INFO - System volume set to 35%
2024-11-25 22:13:59,057 - MPKMini - INFO - Received knob CC: 1, value: 44
2024-11-25 22:13:59,058 - MPKMini - INFO - Normalized value: 0.35
2024-11-25 22:13:59,061 - MPKMini - INFO - System volume set to 35%
2024-11-25 22:13:59,200 - MPKMini - INFO - Received knob CC: 1, value: 43
2024-11-25 22:13:59,200 - MPKMini - INFO - Normalized value: 0.34
2024-11-25 22:13:59,203 - MPKMini - INFO - System volume set to 34%
2024-11-25 22:13:59,507 - MPKMini - INFO - Received knob CC: 1, value: 42
2024-11-25 22:13:59,507 - MPKMini - INFO - Normalized value: 0.33
2024-11-25 22:13:59,511 - MPKMini - INFO - System volume set to 33%
2024-11-25 22:13:59,933 - MPKMini - INFO - Received knob CC: 1, value: 43
2024-11-25 22:13:59,934 - MPKMini - INFO - Normalized value: 0.34
2024-11-25 22:13:59,937 - MPKMini - INFO - System volume set to 34%
2024-11-25 22:14:00,053 - MPKMini - INFO - Received knob CC: 1, value: 44
2024-11-25 22:14:00,054 - MPKMini - INFO - Normalized value: 0.35
2024-11-25 22:14:00,056 - MPKMini - INFO - System volume set to 35%
2024-11-25 22:14:00,086 - MPKMini - INFO - Received knob CC: 1, value: 45
2024-11-25 22:14:00,087 - MPKMini - INFO - Normalized value: 0.35
2024-11-25 22:14:00,089 - MPKMini - INFO - System volume set to 35%
2024-11-25 22:14:01,480 - MPKMini - INFO - Received knob CC: 2, value: 59
2024-11-25 22:14:01,481 - MPKMini - INFO - Normalized value: 0.46
2024-11-25 22:14:01,493 - MPKMini - INFO - spotify.exe volume set to 46%
2024-11-25 22:14:01,502 - MPKMini - INFO - Received knob CC: 2, value: 60
2024-11-25 22:14:01,502 - MPKMini - INFO - Normalized value: 0.47
2024-11-25 22:14:01,514 - MPKMini - INFO - spotify.exe volume set to 47%
2024-11-25 22:14:01,535 - MPKMini - INFO - Received knob CC: 2, value: 61
2024-11-25 22:14:01,536 - MPKMini - INFO - Normalized value: 0.48
2024-11-25 22:14:01,549 - MPKMini - INFO - spotify.exe volume set to 48%
2024-11-25 22:14:01,597 - MPKMini - INFO - Received knob CC: 2, value: 62
2024-11-25 22:14:01,597 - MPKMini - INFO - Normalized value: 0.49
2024-11-25 22:14:01,609 - MPKMini - INFO - spotify.exe volume set to 49%
2024-11-25 22:14:01,666 - MPKMini - INFO - Received knob CC: 2, value: 63
2024-11-25 22:14:01,666 - MPKMini - INFO - Normalized value: 0.50
2024-11-25 22:14:01,677 - MPKMini - INFO - spotify.exe volume set to 50%
2024-11-25 22:14:01,758 - MPKMini - INFO - Received knob CC: 2, value: 64
2024-11-25 22:14:01,758 - MPKMini - INFO - Normalized value: 0.50
2024-11-25 22:14:01,768 - MPKMini - INFO - spotify.exe volume set to 50%
2024-11-25 22:14:01,896 - MPKMini - INFO - Received knob CC: 2, value: 65
2024-11-25 22:14:01,896 - MPKMini - INFO - Normalized value: 0.51
2024-11-25 22:14:01,908 - MPKMini - INFO - spotify.exe volume set to 51%
2024-11-25 22:14:01,962 - MPKMini - INFO - Received knob CC: 2, value: 66
2024-11-25 22:14:01,963 - MPKMini - INFO - Normalized value: 0.52
2024-11-25 22:14:01,974 - MPKMini - INFO - spotify.exe volume set to 52%
2024-11-25 22:14:02,049 - MPKMini - INFO - Received knob CC: 2, value: 67
2024-11-25 22:14:02,050 - MPKMini - INFO - Normalized value: 0.53
2024-11-25 22:14:02,062 - MPKMini - INFO - spotify.exe volume set to 53%
2024-11-25 22:14:02,112 - MPKMini - INFO - Received knob CC: 2, value: 68
2024-11-25 22:14:02,112 - MPKMini - INFO - Normalized value: 0.54
2024-11-25 22:14:02,124 - MPKMini - INFO - spotify.exe volume set to 54%
2024-11-25 22:14:02,125 - MPKMini - INFO - Received knob CC: 2, value: 69
2024-11-25 22:14:02,125 - MPKMini - INFO - Normalized value: 0.54
2024-11-25 22:14:02,135 - MPKMini - INFO - spotify.exe volume set to 54%
2024-11-25 22:14:02,214 - MPKMini - INFO - Received knob CC: 2, value: 70
2024-11-25 22:14:02,214 - MPKMini - INFO - Normalized value: 0.55
2024-11-25 22:14:02,224 - MPKMini - INFO - spotify.exe volume set to 55%
2024-11-25 22:14:02,399 - MPKMini - INFO - Received knob CC: 2, value: 71
2024-11-25 22:14:02,400 - MPKMini - INFO - Normalized value: 0.56
2024-11-25 22:14:02,411 - MPKMini - INFO - spotify.exe volume set to 56%
2024-11-25 22:14:02,575 - MPKMini - INFO - Received knob CC: 2, value: 72
2024-11-25 22:14:02,576 - MPKMini - INFO - Normalized value: 0.57
2024-11-25 22:14:02,587 - MPKMini - INFO - spotify.exe volume set to 57%
2024-11-25 22:14:02,626 - MPKMini - INFO - Received knob CC: 2, value: 73
2024-11-25 22:14:02,626 - MPKMini - INFO - Normalized value: 0.57
2024-11-25 22:14:02,638 - MPKMini - INFO - spotify.exe volume set to 57%
2024-11-25 22:14:02,692 - MPKMini - INFO - Received knob CC: 2, value: 74
2024-11-25 22:14:02,692 - MPKMini - INFO - Normalized value: 0.58
2024-11-25 22:14:02,702 - MPKMini - INFO - spotify.exe volume set to 58%
2024-11-25 22:14:02,772 - MPKMini - INFO - Received knob CC: 2, value: 75
2024-11-25 22:14:02,772 - MPKMini - INFO - Normalized value: 0.59
2024-11-25 22:14:02,782 - MPKMini - INFO - spotify.exe volume set to 59%
2024-11-25 22:14:02,805 - MPKMini - INFO - Received knob CC: 2, value: 76
2024-11-25 22:14:02,806 - MPKMini - INFO - Normalized value: 0.60
2024-11-25 22:14:02,815 - MPKMini - INFO - spotify.exe volume set to 60%
2024-11-25 22:14:02,827 - MPKMini - INFO - Received knob CC: 2, value: 78
2024-11-25 22:14:02,827 - MPKMini - INFO - Normalized value: 0.61
2024-11-25 22:14:02,837 - MPKMini - INFO - spotify.exe volume set to 61%
2024-11-25 22:14:02,849 - MPKMini - INFO - Received knob CC: 2, value: 79
2024-11-25 22:14:02,849 - MPKMini - INFO - Normalized value: 0.62
2024-11-25 22:14:02,858 - MPKMini - INFO - spotify.exe volume set to 62%
2024-11-25 22:14:02,866 - MPKMini - INFO - Received knob CC: 2, value: 80
2024-11-25 22:14:02,866 - MPKMini - INFO - Normalized value: 0.63
2024-11-25 22:14:02,876 - MPKMini - INFO - spotify.exe volume set to 63%
2024-11-25 22:14:02,881 - MPKMini - INFO - Received knob CC: 2, value: 81
2024-11-25 22:14:02,882 - MPKMini - INFO - Normalized value: 0.64
2024-11-25 22:14:02,891 - MPKMini - INFO - spotify.exe volume set to 64%
2024-11-25 22:14:02,904 - MPKMini - INFO - Received knob CC: 2, value: 82
2024-11-25 22:14:02,904 - MPKMini - INFO - Normalized value: 0.65
2024-11-25 22:14:02,914 - MPKMini - INFO - spotify.exe volume set to 65%
2024-11-25 22:14:02,936 - MPKMini - INFO - Received knob CC: 2, value: 83
2024-11-25 22:14:02,937 - MPKMini - INFO - Normalized value: 0.65
2024-11-25 22:14:02,947 - MPKMini - INFO - spotify.exe volume set to 65%
2024-11-25 22:14:02,957 - MPKMini - INFO - Received knob CC: 2, value: 84
2024-11-25 22:14:02,958 - MPKMini - INFO - Normalized value: 0.66
2024-11-25 22:14:02,967 - MPKMini - INFO - spotify.exe volume set to 66%
2024-11-25 22:14:02,969 - MPKMini - INFO - Received knob CC: 2, value: 85
2024-11-25 22:14:02,969 - MPKMini - INFO - Normalized value: 0.67
2024-11-25 22:14:02,978 - MPKMini - INFO - spotify.exe volume set to 67%
2024-11-25 22:14:02,991 - MPKMini - INFO - Received knob CC: 2, value: 86
2024-11-25 22:14:02,992 - MPKMini - INFO - Normalized value: 0.68
2024-11-25 22:14:03,001 - MPKMini - INFO - spotify.exe volume set to 68%
2024-11-25 22:14:03,010 - MPKMini - INFO - Received knob CC: 2, value: 87
2024-11-25 22:14:03,010 - MPKMini - INFO - Normalized value: 0.69
2024-11-25 22:14:03,020 - MPKMini - INFO - spotify.exe volume set to 69%
2024-11-25 22:14:03,027 - MPKMini - INFO - Received knob CC: 2, value: 88
2024-11-25 22:14:03,028 - MPKMini - INFO - Normalized value: 0.69
2024-11-25 22:14:03,037 - MPKMini - INFO - spotify.exe volume set to 69%
2024-11-25 22:14:03,042 - MPKMini - INFO - Received knob CC: 2, value: 89
2024-11-25 22:14:03,042 - MPKMini - INFO - Normalized value: 0.70
2024-11-25 22:14:03,053 - MPKMini - INFO - spotify.exe volume set to 70%
2024-11-25 22:14:03,054 - MPKMini - INFO - Received knob CC: 2, value: 90
2024-11-25 22:14:03,055 - MPKMini - INFO - Normalized value: 0.71
2024-11-25 22:14:03,065 - MPKMini - INFO - spotify.exe volume set to 71%
2024-11-25 22:14:03,078 - MPKMini - INFO - Received knob CC: 2, value: 91
2024-11-25 22:14:03,078 - MPKMini - INFO - Normalized value: 0.72
2024-11-25 22:14:03,088 - MPKMini - INFO - spotify.exe volume set to 72%
2024-11-25 22:14:03,092 - MPKMini - INFO - Received knob CC: 2, value: 92
2024-11-25 22:14:03,093 - MPKMini - INFO - Normalized value: 0.72
2024-11-25 22:14:03,103 - MPKMini - INFO - spotify.exe volume set to 72%
2024-11-25 22:14:03,108 - MPKMini - INFO - Received knob CC: 2, value: 93
2024-11-25 22:14:03,108 - MPKMini - INFO - Normalized value: 0.73
2024-11-25 22:14:03,118 - MPKMini - INFO - spotify.exe volume set to 73%
2024-11-25 22:14:03,129 - MPKMini - INFO - Received knob CC: 2, value: 94
2024-11-25 22:14:03,129 - MPKMini - INFO - Normalized value: 0.74
2024-11-25 22:14:03,139 - MPKMini - INFO - spotify.exe volume set to 74%
2024-11-25 22:14:03,154 - MPKMini - INFO - Received knob CC: 2, value: 95
2024-11-25 22:14:03,155 - MPKMini - INFO - Normalized value: 0.75
2024-11-25 22:14:03,165 - MPKMini - INFO - spotify.exe volume set to 75%
2024-11-25 22:14:03,180 - MPKMini - INFO - Received knob CC: 2, value: 96
2024-11-25 22:14:03,181 - MPKMini - INFO - Normalized value: 0.76
2024-11-25 22:14:03,191 - MPKMini - INFO - spotify.exe volume set to 76%
2024-11-25 22:14:03,192 - MPKMini - INFO - Received knob CC: 2, value: 97
2024-11-25 22:14:03,192 - MPKMini - INFO - Normalized value: 0.76
2024-11-25 22:14:03,202 - MPKMini - INFO - spotify.exe volume set to 76%
2024-11-25 22:14:03,204 - MPKMini - INFO - Received knob CC: 2, value: 98
2024-11-25 22:14:03,204 - MPKMini - INFO - Normalized value: 0.77
2024-11-25 22:14:03,214 - MPKMini - INFO - spotify.exe volume set to 77%
2024-11-25 22:14:03,221 - MPKMini - INFO - Received knob CC: 2, value: 99
2024-11-25 22:14:03,221 - MPKMini - INFO - Normalized value: 0.78
2024-11-25 22:14:03,231 - MPKMini - INFO - spotify.exe volume set to 78%
2024-11-25 22:14:03,235 - MPKMini - INFO - Received knob CC: 2, value: 100
2024-11-25 22:14:03,235 - MPKMini - INFO - Normalized value: 0.79
2024-11-25 22:14:03,245 - MPKMini - INFO - spotify.exe volume set to 79%
2024-11-25 22:14:03,246 - MPKMini - INFO - Received knob CC: 2, value: 101
2024-11-25 22:14:03,246 - MPKMini - INFO - Normalized value: 0.80
2024-11-25 22:14:03,256 - MPKMini - INFO - spotify.exe volume set to 80%
2024-11-25 22:14:03,264 - MPKMini - INFO - Received knob CC: 2, value: 102
2024-11-25 22:14:03,264 - MPKMini - INFO - Normalized value: 0.80
2024-11-25 22:14:03,274 - MPKMini - INFO - spotify.exe volume set to 80%
2024-11-25 22:14:03,290 - MPKMini - INFO - Received knob CC: 2, value: 103
2024-11-25 22:14:03,290 - MPKMini - INFO - Normalized value: 0.81
2024-11-25 22:14:03,300 - MPKMini - INFO - spotify.exe volume set to 81%
2024-11-25 22:14:03,316 - MPKMini - INFO - Received knob CC: 2, value: 105
2024-11-25 22:14:03,316 - MPKMini - INFO - Normalized value: 0.83
2024-11-25 22:14:03,326 - MPKMini - INFO - spotify.exe volume set to 83%
2024-11-25 22:14:03,334 - MPKMini - INFO - Received knob CC: 2, value: 106
2024-11-25 22:14:03,334 - MPKMini - INFO - Normalized value: 0.83
2024-11-25 22:14:03,344 - MPKMini - INFO - spotify.exe volume set to 83%
2024-11-25 22:14:03,359 - MPKMini - INFO - Received knob CC: 2, value: 107
2024-11-25 22:14:03,360 - MPKMini - INFO - Normalized value: 0.84
2024-11-25 22:14:03,370 - MPKMini - INFO - spotify.exe volume set to 84%
2024-11-25 22:14:03,378 - MPKMini - INFO - Received knob CC: 2, value: 108
2024-11-25 22:14:03,378 - MPKMini - INFO - Normalized value: 0.85
2024-11-25 22:14:03,388 - MPKMini - INFO - spotify.exe volume set to 85%
2024-11-25 22:14:03,392 - MPKMini - INFO - Received knob CC: 2, value: 109
2024-11-25 22:14:03,392 - MPKMini - INFO - Normalized value: 0.86
2024-11-25 22:14:03,402 - MPKMini - INFO - spotify.exe volume set to 86%
2024-11-25 22:14:03,407 - MPKMini - INFO - Received knob CC: 2, value: 110
2024-11-25 22:14:03,407 - MPKMini - INFO - Normalized value: 0.87
2024-11-25 22:14:03,417 - MPKMini - INFO - spotify.exe volume set to 87%
2024-11-25 22:14:03,425 - MPKMini - INFO - Received knob CC: 2, value: 112
2024-11-25 22:14:03,426 - MPKMini - INFO - Normalized value: 0.88
2024-11-25 22:14:03,436 - MPKMini - INFO - spotify.exe volume set to 88%
2024-11-25 22:14:03,437 - MPKMini - INFO - Received knob CC: 2, value: 113
2024-11-25 22:14:03,437 - MPKMini - INFO - Normalized value: 0.89
2024-11-25 22:14:03,448 - MPKMini - INFO - spotify.exe volume set to 89%
2024-11-25 22:14:03,454 - MPKMini - INFO - Received knob CC: 2, value: 114
2024-11-25 22:14:03,454 - MPKMini - INFO - Normalized value: 0.90
2024-11-25 22:14:03,464 - MPKMini - INFO - spotify.exe volume set to 90%
2024-11-25 22:14:03,480 - MPKMini - INFO - Received knob CC: 2, value: 115
2024-11-25 22:14:03,480 - MPKMini - INFO - Normalized value: 0.91
2024-11-25 22:14:03,491 - MPKMini - INFO - spotify.exe volume set to 91%
2024-11-25 22:14:03,501 - MPKMini - INFO - Received knob CC: 2, value: 116
2024-11-25 22:14:03,502 - MPKMini - INFO - Normalized value: 0.91
2024-11-25 22:14:03,511 - MPKMini - INFO - spotify.exe volume set to 91%
2024-11-25 22:14:03,524 - MPKMini - INFO - Received knob CC: 2, value: 117
2024-11-25 22:14:03,524 - MPKMini - INFO - Normalized value: 0.92
2024-11-25 22:14:03,534 - MPKMini - INFO - spotify.exe volume set to 92%
2024-11-25 22:14:03,545 - MPKMini - INFO - Received knob CC: 2, value: 119
2024-11-25 22:14:03,545 - MPKMini - INFO - Normalized value: 0.94
2024-11-25 22:14:03,556 - MPKMini - INFO - spotify.exe volume set to 94%
2024-11-25 22:14:03,564 - MPKMini - INFO - Received knob CC: 2, value: 120
2024-11-25 22:14:03,567 - MPKMini - INFO - Normalized value: 0.94
2024-11-25 22:14:03,576 - MPKMini - INFO - spotify.exe volume set to 94%
2024-11-25 22:14:03,578 - MPKMini - INFO - Received knob CC: 2, value: 121
2024-11-25 22:14:03,578 - MPKMini - INFO - Normalized value: 0.95
2024-11-25 22:14:03,588 - MPKMini - INFO - spotify.exe volume set to 95%
2024-11-25 22:14:03,596 - MPKMini - INFO - Received knob CC: 2, value: 122
2024-11-25 22:14:03,596 - MPKMini - INFO - Normalized value: 0.96
2024-11-25 22:14:03,606 - MPKMini - INFO - spotify.exe volume set to 96%
2024-11-25 22:14:03,615 - MPKMini - INFO - Received knob CC: 2, value: 123
2024-11-25 22:14:03,615 - MPKMini - INFO - Normalized value: 0.97
2024-11-25 22:14:03,625 - MPKMini - INFO - spotify.exe volume set to 97%
2024-11-25 22:14:03,633 - MPKMini - INFO - Received knob CC: 2, value: 124
2024-11-25 22:14:03,633 - MPKMini - INFO - Normalized value: 0.98
2024-11-25 22:14:03,643 - MPKMini - INFO - spotify.exe volume set to 98%
2024-11-25 22:14:03,652 - MPKMini - INFO - Received knob CC: 2, value: 126
2024-11-25 22:14:03,652 - MPKMini - INFO - Normalized value: 0.99
2024-11-25 22:14:03,662 - MPKMini - INFO - spotify.exe volume set to 99%
2024-11-25 22:14:03,664 - MPKMini - INFO - Received knob CC: 2, value: 127
2024-11-25 22:14:03,664 - MPKMini - INFO - Normalized value: 1.00
2024-11-25 22:14:03,674 - MPKMini - INFO - spotify.exe volume set to 100%
2024-11-25 22:14:05,061 - MPKMini - INFO - Received knob CC: 2, value: 126
2024-11-25 22:14:05,061 - MPKMini - INFO - Normalized value: 0.99
2024-11-25 22:14:05,072 - MPKMini - INFO - spotify.exe volume set to 99%
2024-11-25 22:14:05,074 - MPKMini - INFO - Received knob CC: 2, value: 125
2024-11-25 22:14:05,074 - MPKMini - INFO - Normalized value: 0.98
2024-11-25 22:14:05,086 - MPKMini - INFO - spotify.exe volume set to 98%
2024-11-25 22:14:05,088 - MPKMini - INFO - Received knob CC: 2, value: 123
2024-11-25 22:14:05,089 - MPKMini - INFO - Normalized value: 0.97
2024-11-25 22:14:05,098 - MPKMini - INFO - spotify.exe volume set to 97%
2024-11-25 22:14:05,104 - MPKMini - INFO - Received knob CC: 2, value: 122
2024-11-25 22:14:05,107 - MPKMini - INFO - Normalized value: 0.96
2024-11-25 22:14:05,117 - MPKMini - INFO - spotify.exe volume set to 96%
2024-11-25 22:14:05,121 - MPKMini - INFO - Received knob CC: 2, value: 121
2024-11-25 22:14:05,121 - MPKMini - INFO - Normalized value: 0.95
2024-11-25 22:14:05,131 - MPKMini - INFO - spotify.exe volume set to 95%
2024-11-25 22:14:05,136 - MPKMini - INFO - Received knob CC: 2, value: 120
2024-11-25 22:14:05,136 - MPKMini - INFO - Normalized value: 0.94
2024-11-25 22:14:05,145 - MPKMini - INFO - spotify.exe volume set to 94%
2024-11-25 22:14:05,151 - MPKMini - INFO - Received knob CC: 2, value: 119
2024-11-25 22:14:05,151 - MPKMini - INFO - Normalized value: 0.94
2024-11-25 22:14:05,161 - MPKMini - INFO - spotify.exe volume set to 94%
2024-11-25 22:14:05,173 - MPKMini - INFO - Received knob CC: 2, value: 118
2024-11-25 22:14:05,173 - MPKMini - INFO - Normalized value: 0.93
2024-11-25 22:14:05,183 - MPKMini - INFO - spotify.exe volume set to 93%
2024-11-25 22:14:05,187 - MPKMini - INFO - Received knob CC: 2, value: 117
2024-11-25 22:14:05,187 - MPKMini - INFO - Normalized value: 0.92
2024-11-25 22:14:05,198 - MPKMini - INFO - spotify.exe volume set to 92%
2024-11-25 22:14:05,199 - MPKMini - INFO - Received knob CC: 2, value: 116
2024-11-25 22:14:05,199 - MPKMini - INFO - Normalized value: 0.91
2024-11-25 22:14:05,209 - MPKMini - INFO - spotify.exe volume set to 91%
2024-11-25 22:14:05,214 - MPKMini - INFO - Received knob CC: 2, value: 115
2024-11-25 22:14:05,214 - MPKMini - INFO - Normalized value: 0.91
2024-11-25 22:14:05,224 - MPKMini - INFO - spotify.exe volume set to 91%
2024-11-25 22:14:05,231 - MPKMini - INFO - Received knob CC: 2, value: 113
2024-11-25 22:14:05,231 - MPKMini - INFO - Normalized value: 0.89
2024-11-25 22:14:05,241 - MPKMini - INFO - spotify.exe volume set to 89%
2024-11-25 22:14:05,249 - MPKMini - INFO - Received knob CC: 2, value: 112
2024-11-25 22:14:05,250 - MPKMini - INFO - Normalized value: 0.88
2024-11-25 22:14:05,263 - MPKMini - INFO - spotify.exe volume set to 88%
2024-11-25 22:14:05,265 - MPKMini - INFO - Received knob CC: 2, value: 111
2024-11-25 22:14:05,265 - MPKMini - INFO - Normalized value: 0.87
2024-11-25 22:14:05,278 - MPKMini - INFO - spotify.exe volume set to 87%
2024-11-25 22:14:05,290 - MPKMini - INFO - Received knob CC: 2, value: 110
2024-11-25 22:14:05,290 - MPKMini - INFO - Normalized value: 0.87
2024-11-25 22:14:05,300 - MPKMini - INFO - spotify.exe volume set to 87%
2024-11-25 22:14:05,319 - MPKMini - INFO - Received knob CC: 2, value: 109
2024-11-25 22:14:05,319 - MPKMini - INFO - Normalized value: 0.86
2024-11-25 22:14:05,330 - MPKMini - INFO - spotify.exe volume set to 86%
2024-11-25 22:14:05,352 - MPKMini - INFO - Received knob CC: 2, value: 108
2024-11-25 22:14:05,352 - MPKMini - INFO - Normalized value: 0.85
2024-11-25 22:14:05,362 - MPKMini - INFO - spotify.exe volume set to 85%
2024-11-25 22:14:05,381 - MPKMini - INFO - Received knob CC: 2, value: 107
2024-11-25 22:14:05,381 - MPKMini - INFO - Normalized value: 0.84
2024-11-25 22:14:05,392 - MPKMini - INFO - spotify.exe volume set to 84%
2024-11-25 22:14:05,436 - MPKMini - INFO - Received knob CC: 2, value: 106
2024-11-25 22:14:05,436 - MPKMini - INFO - Normalized value: 0.83
2024-11-25 22:14:05,447 - MPKMini - INFO - spotify.exe volume set to 83%
2024-11-25 22:14:05,449 - MPKMini - INFO - Received knob CC: 2, value: 105
2024-11-25 22:14:05,450 - MPKMini - INFO - Normalized value: 0.83
2024-11-25 22:14:05,460 - MPKMini - INFO - spotify.exe volume set to 83%
2024-11-25 22:14:05,461 - MPKMini - INFO - Received knob CC: 2, value: 104
2024-11-25 22:14:05,461 - MPKMini - INFO - Normalized value: 0.82
2024-11-25 22:14:05,471 - MPKMini - INFO - spotify.exe volume set to 82%
2024-11-25 22:14:05,472 - MPKMini - INFO - Received knob CC: 2, value: 103
2024-11-25 22:14:05,473 - MPKMini - INFO - Normalized value: 0.81
2024-11-25 22:14:05,482 - MPKMini - INFO - spotify.exe volume set to 81%
2024-11-25 22:14:05,486 - MPKMini - INFO - Received knob CC: 2, value: 102
2024-11-25 22:14:05,486 - MPKMini - INFO - Normalized value: 0.80
2024-11-25 22:14:05,496 - MPKMini - INFO - spotify.exe volume set to 80%
2024-11-25 22:14:05,508 - MPKMini - INFO - Received knob CC: 2, value: 101
2024-11-25 22:14:05,508 - MPKMini - INFO - Normalized value: 0.80
2024-11-25 22:14:05,518 - MPKMini - INFO - spotify.exe volume set to 80%
2024-11-25 22:14:05,524 - MPKMini - INFO - Received knob CC: 2, value: 100
2024-11-25 22:14:05,524 - MPKMini - INFO - Normalized value: 0.79
2024-11-25 22:14:05,534 - MPKMini - INFO - spotify.exe volume set to 79%
2024-11-25 22:14:08,847 - MPKMini - INFO - Received knob CC: 4, value: 37
2024-11-25 22:14:08,847 - MPKMini - INFO - Normalized value: 0.29
2024-11-25 22:14:08,892 - MPKMini - ERROR - Failed to set brightness: string indices must be integers, not 'str'
2024-11-25 22:14:08,893 - MPKMini - INFO - Received knob CC: 4, value: 38
2024-11-25 22:14:08,893 - MPKMini - INFO - Normalized value: 0.30
2024-11-25 22:14:08,933 - MPKMini - ERROR - Failed to set brightness: string indices must be integers, not 'str'
2024-11-25 22:14:08,933 - MPKMini - INFO - Received knob CC: 4, value: 39
2024-11-25 22:14:08,934 - MPKMini - INFO - Normalized value: 0.31
2024-11-25 22:14:08,970 - MPKMini - ERROR - Failed to set brightness: string indices must be integers, not 'str'
2024-11-25 22:14:08,972 - MPKMini - INFO - Received knob CC: 4, value: 40
2024-11-25 22:14:08,972 - MPKMini - INFO - Normalized value: 0.31
2024-11-25 22:14:09,009 - MPKMini - ERROR - Failed to set brightness: string indices must be integers, not 'str'
2024-11-25 22:14:09,033 - MPKMini - INFO - Received knob CC: 4, value: 41
2024-11-25 22:14:09,033 - MPKMini - INFO - Normalized value: 0.32
2024-11-25 22:14:09,070 - MPKMini - ERROR - Failed to set brightness: string indices must be integers, not 'str'
2024-11-25 22:14:09,072 - MPKMini - INFO - Received knob CC: 4, value: 42
2024-11-25 22:14:09,072 - MPKMini - INFO - Normalized value: 0.33
2024-11-25 22:14:09,108 - MPKMini - ERROR - Failed to set brightness: string indices must be integers, not 'str'
2024-11-25 22:14:09,110 - MPKMini - INFO - Received knob CC: 4, value: 43
2024-11-25 22:14:09,111 - MPKMini - INFO - Normalized value: 0.34
2024-11-25 22:14:09,148 - MPKMini - ERROR - Failed to set brightness: string indices must be integers, not 'str'
2024-11-25 22:14:09,248 - MPKMini - INFO - Received knob CC: 4, value: 44
2024-11-25 22:14:09,249 - MPKMini - INFO - Normalized value: 0.35
2024-11-25 22:14:09,287 - MPKMini - ERROR - Failed to set brightness: string indices must be integers, not 'str'
2024-11-25 22:14:09,405 - MPKMini - INFO - Received knob CC: 4, value: 45
2024-11-25 22:14:09,405 - MPKMini - INFO - Normalized value: 0.35
2024-11-25 22:14:09,447 - MPKMini - ERROR - Failed to set brightness: string indices must be integers, not 'str'
2024-11-25 22:14:09,551 - MPKMini - INFO - Received knob CC: 4, value: 46
2024-11-25 22:14:09,551 - MPKMini - INFO - Normalized value: 0.36
2024-11-25 22:14:09,593 - MPKMini - ERROR - Failed to set brightness: string indices must be integers, not 'str'
2024-11-25 22:14:10,785 - MPKMini - INFO - Received knob CC: 4, value: 47
2024-11-25 22:14:10,785 - MPKMini - INFO - Normalized value: 0.37
2024-11-25 22:14:10,825 - MPKMini - ERROR - Failed to set brightness: string indices must be integers, not 'str'
2024-11-25 22:14:10,828 - MPKMini - INFO - Received knob CC: 4, value: 48
2024-11-25 22:14:10,828 - MPKMini - INFO - Normalized value: 0.38
2024-11-25 22:14:10,864 - MPKMini - ERROR - Failed to set brightness: string indices must be integers, not 'str'
2024-11-25 22:14:10,956 - MPKMini - INFO - Received knob CC: 4, value: 49
2024-11-25 22:14:10,957 - MPKMini - INFO - Normalized value: 0.39
2024-11-25 22:14:10,997 - MPKMini - ERROR - Failed to set brightness: string indices must be integers, not 'str'
2024-11-25 22:14:26,630 - MPKMini - ERROR - Failed to move window: module 'win32gui' has no attribute 'GetMonitorInfo'
2024-11-25 22:14:28,715 - MPKMini - ERROR - Failed to move window: module 'win32gui' has no attribute 'GetMonitorInfo'
2024-11-25 22:15:32,079 - MPKMini - INFO - Stopping MIDI monitoring
