2024-11-25 21:23:52.006 - MPKMini - INFO - Initializing Akai MPK Mini automation...
2024-11-25 21:23:52.037 - MPKMini - INFO - Pygame MIDI initialized successfully
2024-11-25 21:23:52.043 - MPKMini - INFO - Connected to Akai MPK Mini (Device ID: 1)
2024-11-25 21:23:53.371 - MPKMini - INFO - Configuration loaded successfully
2024-11-25 21:23:53.372 - MPKMini - INFO - Starting MIDI controller loop
2024-11-25 21:23:55.590 - MPKMini - INFO - Opened audio output selection
2024-11-25 21:24:13.613 - MPKMini - INFO - System volume set to 99%
2024-11-25 21:24:13.642 - MPKMini - INFO - System volume set to 98%
2024-11-25 21:24:13.656 - MPKMini - INFO - System volume set to 98%
2024-11-25 21:24:13.670 - MPKMini - INFO - System volume set to 97%
2024-11-25 21:24:13.689 - MPKMini - INFO - System volume set to 96%
2024-11-25 21:24:13.702 - MPKMini - INFO - System volume set to 94%
2024-11-25 21:24:13.714 - MPKMini - INFO - System volume set to 94%
2024-11-25 21:24:13.729 - MPKMini - INFO - System volume set to 93%
2024-11-25 21:24:13.744 - MPKMini - INFO - System volume set to 92%
2024-11-25 21:24:13.763 - MPKMini - INFO - System volume set to 91%
2024-11-25 21:24:13.776 - MPKMini - INFO - System volume set to 90%
2024-11-25 21:24:13.824 - MPKMini - INFO - System volume set to 89%
2024-11-25 21:24:13.864 - MPKMini - INFO - System volume set to 88%
2024-11-25 21:24:13.894 - MPKMini - INFO - System volume set to 87%
2024-11-25 21:24:13.915 - MPKMini - INFO - System volume set to 87%
2024-11-25 21:24:13.999 - MPKMini - INFO - System volume set to 86%
2024-11-25 21:24:14.021 - MPKMini - INFO - System volume set to 85%
2024-11-25 21:24:14.050 - MPKMini - INFO - System volume set to 84%
2024-11-25 21:24:14.145 - MPKMini - INFO - System volume set to 83%
2024-11-25 21:24:14.153 - MPKMini - INFO - System volume set to 83%
2024-11-25 21:24:14.225 - MPKMini - INFO - System volume set to 82%
2024-11-25 21:24:14.310 - MPKMini - INFO - System volume set to 81%
2024-11-25 21:24:14.320 - MPKMini - INFO - System volume set to 80%
2024-11-25 21:24:14.325 - MPKMini - INFO - System volume set to 79%
2024-11-25 21:24:14.338 - MPKMini - INFO - System volume set to 79%
2024-11-25 21:24:14.353 - MPKMini - INFO - System volume set to 78%
2024-11-25 21:24:14.394 - MPKMini - INFO - System volume set to 77%
2024-11-25 21:24:14.663 - MPKMini - INFO - System volume set to 76%
2024-11-25 21:24:14.722 - MPKMini - INFO - System volume set to 75%
2024-11-25 21:24:14.868 - MPKMini - INFO - System volume set to 75%
2024-11-25 21:24:14.995 - MPKMini - INFO - System volume set to 74%
2024-11-25 21:24:15.094 - MPKMini - INFO - System volume set to 73%
2024-11-25 21:24:15.108 - MPKMini - INFO - System volume set to 72%
2024-11-25 21:24:15.127 - MPKMini - INFO - System volume set to 71%
2024-11-25 21:24:15.131 - MPKMini - INFO - System volume set to 71%
2024-11-25 21:24:15.167 - MPKMini - INFO - System volume set to 70%
2024-11-25 21:24:15.189 - MPKMini - INFO - System volume set to 69%
2024-11-25 21:24:15.210 - MPKMini - INFO - System volume set to 68%
2024-11-25 21:24:15.273 - MPKMini - INFO - System volume set to 67%
2024-11-25 21:24:15.331 - MPKMini - INFO - System volume set to 67%
2024-11-25 21:24:15.336 - MPKMini - INFO - System volume set to 66%
2024-11-25 21:24:15.408 - MPKMini - INFO - System volume set to 65%
2024-11-25 21:24:15.477 - MPKMini - INFO - System volume set to 64%
2024-11-25 21:24:15.528 - MPKMini - INFO - System volume set to 63%
2024-11-25 21:24:15.545 - MPKMini - INFO - System volume set to 63%
2024-11-25 21:24:15.606 - MPKMini - INFO - System volume set to 62%
2024-11-25 21:24:15.627 - MPKMini - INFO - System volume set to 61%
2024-11-25 21:24:15.655 - MPKMini - INFO - System volume set to 60%
2024-11-25 21:24:15.673 - MPKMini - INFO - System volume set to 60%
2024-11-25 21:24:15.700 - MPKMini - INFO - System volume set to 59%
2024-11-25 21:24:15.736 - MPKMini - INFO - System volume set to 58%
2024-11-25 21:24:15.765 - MPKMini - INFO - System volume set to 57%
2024-11-25 21:24:15.772 - MPKMini - INFO - System volume set to 56%
2024-11-25 21:24:15.864 - MPKMini - INFO - System volume set to 56%
2024-11-25 21:24:15.993 - MPKMini - INFO - System volume set to 55%
2024-11-25 21:24:16.068 - MPKMini - INFO - System volume set to 54%
2024-11-25 21:24:16.174 - MPKMini - INFO - System volume set to 53%
2024-11-25 21:24:22.215 - MPKMini - INFO - Opened audio output selection
2024-11-25 21:24:25.868 - MPKMini - INFO - System volume set to 52%
2024-11-25 21:24:25.897 - MPKMini - INFO - System volume set to 52%
2024-11-25 21:24:25.964 - MPKMini - INFO - System volume set to 51%
2024-11-25 21:24:26.647 - MPKMini - INFO - Spotify volume set to 99%
2024-11-25 21:24:26.658 - MPKMini - INFO - Spotify volume set to 98%
2024-11-25 21:24:26.670 - MPKMini - INFO - Spotify volume set to 97%
2024-11-25 21:24:26.681 - MPKMini - INFO - Spotify volume set to 96%
2024-11-25 21:24:26.696 - MPKMini - INFO - Spotify volume set to 95%
2024-11-25 21:24:26.710 - MPKMini - INFO - Spotify volume set to 94%
2024-11-25 21:24:26.777 - MPKMini - INFO - Spotify volume set to 94%
2024-11-25 21:24:27.069 - MPKMini - INFO - Spotify volume set to 93%
2024-11-25 21:24:27.104 - MPKMini - INFO - Spotify volume set to 92%
2024-11-25 21:24:27.126 - MPKMini - INFO - Spotify volume set to 90%
2024-11-25 21:24:27.137 - MPKMini - INFO - Spotify volume set to 90%
2024-11-25 21:24:27.152 - MPKMini - INFO - Spotify volume set to 89%
2024-11-25 21:24:27.163 - MPKMini - INFO - Spotify volume set to 88%
2024-11-25 21:24:27.174 - MPKMini - INFO - Spotify volume set to 87%
2024-11-25 21:24:27.184 - MPKMini - INFO - Spotify volume set to 87%
2024-11-25 21:24:27.199 - MPKMini - INFO - Spotify volume set to 85%
2024-11-25 21:24:27.210 - MPKMini - INFO - Spotify volume set to 84%
2024-11-25 21:24:27.229 - MPKMini - INFO - Spotify volume set to 83%
2024-11-25 21:24:27.242 - MPKMini - INFO - Spotify volume set to 83%
2024-11-25 21:24:27.253 - MPKMini - INFO - Spotify volume set to 82%
2024-11-25 21:24:27.265 - MPKMini - INFO - Spotify volume set to 81%
2024-11-25 21:24:27.279 - MPKMini - INFO - Spotify volume set to 80%
2024-11-25 21:24:27.302 - MPKMini - INFO - Spotify volume set to 79%
2024-11-25 21:24:27.323 - MPKMini - INFO - Spotify volume set to 78%
2024-11-25 21:24:27.372 - MPKMini - INFO - Spotify volume set to 77%
2024-11-25 21:24:27.393 - MPKMini - INFO - Spotify volume set to 76%
2024-11-25 21:24:27.406 - MPKMini - INFO - Spotify volume set to 75%
2024-11-25 21:24:27.418 - MPKMini - INFO - Spotify volume set to 75%
2024-11-25 21:24:27.430 - MPKMini - INFO - Spotify volume set to 74%
2024-11-25 21:24:27.440 - MPKMini - INFO - Spotify volume set to 73%
2024-11-25 21:24:27.451 - MPKMini - INFO - Spotify volume set to 72%
2024-11-25 21:24:27.460 - MPKMini - INFO - Spotify volume set to 71%
2024-11-25 21:24:27.472 - MPKMini - INFO - Spotify volume set to 71%
2024-11-25 21:24:27.483 - MPKMini - INFO - Spotify volume set to 69%
2024-11-25 21:24:27.494 - MPKMini - INFO - Spotify volume set to 68%
2024-11-25 21:24:27.505 - MPKMini - INFO - Spotify volume set to 67%
2024-11-25 21:24:27.524 - MPKMini - INFO - Spotify volume set to 67%
2024-11-25 21:24:27.535 - MPKMini - INFO - Spotify volume set to 66%
2024-11-25 21:24:27.554 - MPKMini - INFO - Spotify volume set to 65%
2024-11-25 21:24:27.571 - MPKMini - INFO - Spotify volume set to 63%
2024-11-25 21:24:27.582 - MPKMini - INFO - Spotify volume set to 63%
2024-11-25 21:24:27.596 - MPKMini - INFO - Spotify volume set to 62%
2024-11-25 21:24:27.612 - MPKMini - INFO - Spotify volume set to 61%
2024-11-25 21:24:27.626 - MPKMini - INFO - Spotify volume set to 60%
2024-11-25 21:24:27.637 - MPKMini - INFO - Spotify volume set to 60%
2024-11-25 21:24:27.651 - MPKMini - INFO - Spotify volume set to 59%
2024-11-25 21:24:27.676 - MPKMini - INFO - Spotify volume set to 58%
2024-11-25 21:24:27.687 - MPKMini - INFO - Spotify volume set to 57%
2024-11-25 21:24:27.702 - MPKMini - INFO - Spotify volume set to 56%
2024-11-25 21:24:27.717 - MPKMini - INFO - Spotify volume set to 55%
2024-11-25 21:24:27.736 - MPKMini - INFO - Spotify volume set to 54%
2024-11-25 21:24:27.749 - MPKMini - INFO - Spotify volume set to 53%
2024-11-25 21:24:27.760 - MPKMini - INFO - Spotify volume set to 52%
2024-11-25 21:24:27.771 - MPKMini - INFO - Spotify volume set to 52%
2024-11-25 21:24:27.786 - MPKMini - INFO - Spotify volume set to 51%
2024-11-25 21:24:27.801 - MPKMini - INFO - Spotify volume set to 50%
2024-11-25 21:24:27.823 - MPKMini - INFO - Spotify volume set to 49%
2024-11-25 21:24:27.860 - MPKMini - INFO - Spotify volume set to 48%
2024-11-25 21:24:27.888 - MPKMini - INFO - Spotify volume set to 48%
2024-11-25 21:24:27.899 - MPKMini - INFO - Spotify volume set to 47%
2024-11-25 21:24:27.910 - MPKMini - INFO - Spotify volume set to 46%
2024-11-25 21:24:27.929 - MPKMini - INFO - Spotify volume set to 45%
2024-11-25 21:24:27.943 - MPKMini - INFO - Spotify volume set to 44%
2024-11-25 21:24:27.954 - MPKMini - INFO - Spotify volume set to 43%
2024-11-25 21:24:27.965 - MPKMini - INFO - Spotify volume set to 42%
2024-11-25 21:24:27.976 - MPKMini - INFO - Spotify volume set to 41%
2024-11-25 21:24:27.985 - MPKMini - INFO - Spotify volume set to 40%
2024-11-25 21:24:27.997 - MPKMini - INFO - Spotify volume set to 39%
2024-11-25 21:24:28.008 - MPKMini - INFO - Spotify volume set to 38%
2024-11-25 21:24:28.019 - MPKMini - INFO - Spotify volume set to 37%
2024-11-25 21:24:28.030 - MPKMini - INFO - Spotify volume set to 36%
2024-11-25 21:24:28.041 - MPKMini - INFO - Spotify volume set to 35%
2024-11-25 21:24:28.052 - MPKMini - INFO - Spotify volume set to 34%
2024-11-25 21:24:28.063 - MPKMini - INFO - Spotify volume set to 33%
2024-11-25 21:24:28.074 - MPKMini - INFO - Spotify volume set to 32%
2024-11-25 21:24:28.085 - MPKMini - INFO - Spotify volume set to 31%
2024-11-25 21:24:28.097 - MPKMini - INFO - Spotify volume set to 30%
2024-11-25 21:24:28.111 - MPKMini - INFO - Spotify volume set to 29%
2024-11-25 21:24:28.125 - MPKMini - INFO - Spotify volume set to 29%
2024-11-25 21:24:28.136 - MPKMini - INFO - Spotify volume set to 28%
2024-11-25 21:24:28.146 - MPKMini - INFO - Spotify volume set to 27%
2024-11-25 21:24:28.166 - MPKMini - INFO - Spotify volume set to 26%
2024-11-25 21:24:28.184 - MPKMini - INFO - Spotify volume set to 25%
2024-11-25 21:24:28.195 - MPKMini - INFO - Spotify volume set to 25%
2024-11-25 21:24:28.217 - MPKMini - INFO - Spotify volume set to 23%
2024-11-25 21:24:28.232 - MPKMini - INFO - Spotify volume set to 22%
2024-11-25 21:24:28.243 - MPKMini - INFO - Spotify volume set to 21%
2024-11-25 21:24:28.258 - MPKMini - INFO - Spotify volume set to 21%
2024-11-25 21:24:28.271 - MPKMini - INFO - Spotify volume set to 20%
2024-11-25 21:24:28.286 - MPKMini - INFO - Spotify volume set to 19%
2024-11-25 21:24:28.301 - MPKMini - INFO - Spotify volume set to 18%
2024-11-25 21:24:28.323 - MPKMini - INFO - Spotify volume set to 17%
2024-11-25 21:24:28.441 - MPKMini - INFO - Spotify volume set to 17%
2024-11-25 21:24:28.700 - MPKMini - INFO - Spotify volume set to 17%
2024-11-25 21:24:32.369 - MPKMini - ERROR - Failed to set brightness: string indices must be integers, not 'str'
2024-11-25 21:24:32.408 - MPKMini - ERROR - Failed to set brightness: string indices must be integers, not 'str'
2024-11-25 21:24:32.447 - MPKMini - ERROR - Failed to set brightness: string indices must be integers, not 'str'
2024-11-25 21:24:32.484 - MPKMini - ERROR - Failed to set brightness: string indices must be integers, not 'str'
2024-11-25 21:24:32.522 - MPKMini - ERROR - Failed to set brightness: string indices must be integers, not 'str'
2024-11-25 21:24:32.559 - MPKMini - ERROR - Failed to set brightness: string indices must be integers, not 'str'
2024-11-25 21:24:32.597 - MPKMini - ERROR - Failed to set brightness: string indices must be integers, not 'str'
